gyp WARN EACCES user "loyal" does not have permission to access the dev dir "/Users/loyal/.node-gyp/8.9.4"
gyp WARN EACCES attempting to reinstall using temporary dev dir "/var/folders/27/hcmdb0zj30n3rsf5786zyxgr0000gn/T/.node-gyp"
2018-11-05 20:04:15.514 xcodebuild[4814:119238] [MT] PluginLoading: Required plug-in compatibility UUID 8B9F56A7-4D8B-41AA-A65D-D4906CDF1539 for plug-in at path '~/Library/Application Support/Developer/Shared/Xcode/Plug-ins/SimplePlugin.xcplugin' not present in DVTPlugInCompatibilityUUIDs
2018-11-05 20:04:15.649 xcodebuild[4814:119238] [MT] PluginLoading: Required plug-in compatibility UUID 8B9F56A7-4D8B-41AA-A65D-D4906CDF1539 for plug-in at path '~/Library/Application Support/Developer/Shared/Xcode/Plug-ins/SimplePlugin-9.0.xcplugin' not present in DVTPlugInCompatibilityUUIDs
2018-11-05 20:04:15.685 xcodebuild[4814:119238] [MT] PluginLoading: Required plug-in compatibility UUID 8B9F56A7-4D8B-41AA-A65D-D4906CDF1539 for plug-in at path '~/Library/Application Support/Developer/Shared/Xcode/Plug-ins/SimplePlugin-8.2.xcplugin' not present in DVTPlugInCompatibilityUUIDs
In file included from ../src/bufferutil.cc:15:
/Volumes/DeviceWork/zz_ObjectiveC/00_FL/34_iOS_AmazonAWS/06_server/02_src/robot-server/node_modules/tomahawk/node_modules/socket.io/node_modules/engine.io/node_modules/ws/node_modules/nan/nan.h:213:5: error: no member named 'ThrowException' in namespace 'v8'
    _NAN_THROW_ERROR(v8::Exception::Error, errmsg);
    ^~~~~~~~~~~~~~~~~~~~~~~~~~~~~~~~~~~~~~~~~~~~~~
/Volumes/DeviceWork/zz_ObjectiveC/00_FL/34_iOS_AmazonAWS/06_server/02_src/robot-server/node_modules/tomahawk/node_modules/socket.io/node_modules/engine.io/node_modules/ws/node_modules/nan/nan.h:209:11: note: expanded from macro '_NAN_THROW_ERROR'
      v8::ThrowException(fun(v8::String::New(errmsg)));                        \
      ~~~~^
/Volumes/DeviceWork/zz_ObjectiveC/00_FL/34_iOS_AmazonAWS/06_server/02_src/robot-server/node_modules/tomahawk/node_modules/socket.io/node_modules/engine.io/node_modules/ws/node_modules/nan/nan.h:213:5: error: no member named 'New' in 'v8::String'
    _NAN_THROW_ERROR(v8::Exception::Error, errmsg);
    ^~~~~~~~~~~~~~~~~~~~~~~~~~~~~~~~~~~~~~~~~~~~~~
/Volumes/DeviceWork/zz_ObjectiveC/00_FL/34_iOS_AmazonAWS/06_server/02_src/robot-server/node_modules/tomahawk/node_modules/socket.io/node_modules/engine.io/node_modules/ws/node_modules/nan/nan.h:209:42: note: expanded from macro '_NAN_THROW_ERROR'
      v8::ThrowException(fun(v8::String::New(errmsg)));                        \
                             ~~~~~~~~~~~~^
/Volumes/DeviceWork/zz_ObjectiveC/00_FL/34_iOS_AmazonAWS/06_server/02_src/robot-server/node_modules/tomahawk/node_modules/socket.io/node_modules/engine.io/node_modules/ws/node_modules/nan/nan.h:218:9: error: no type named 'ThrowException' in namespace 'v8'
    v8::ThrowException(error);
    ~~~~^
/Volumes/DeviceWork/zz_ObjectiveC/00_FL/34_iOS_AmazonAWS/06_server/02_src/robot-server/node_modules/tomahawk/node_modules/socket.io/node_modules/engine.io/node_modules/ws/node_modules/nan/nan.h:222:65: error: no member named 'New' in 'v8::String'
    v8::Local<v8::Value> err = v8::Exception::Error(v8::String::New(msg));
                                                    ~~~~~~~~~~~~^
/Volumes/DeviceWork/zz_ObjectiveC/00_FL/34_iOS_AmazonAWS/06_server/02_src/robot-server/node_modules/tomahawk/node_modules/socket.io/node_modules/engine.io/node_modules/ws/node_modules/nan/nan.h:223:50: error: expected '(' for function-style cast or type construction
    v8::Local<v8::Object> obj = err.As<v8::Object>();
                                       ~~~~~~~~~~^
/Volumes/DeviceWork/zz_ObjectiveC/00_FL/34_iOS_AmazonAWS/06_server/02_src/robot-server/node_modules/tomahawk/node_modules/socket.io/node_modules/engine.io/node_modules/ws/node_modules/nan/nan.h:223:52: error: expected expression
    v8::Local<v8::Object> obj = err.As<v8::Object>();
                                                   ^
/Volumes/DeviceWork/zz_ObjectiveC/00_FL/34_iOS_AmazonAWS/06_server/02_src/robot-server/node_modules/tomahawk/node_modules/socket.io/node_modules/engine.io/node_modules/ws/node_modules/nan/nan.h:224:65: error: too few arguments to function call, expected 2, have 1
    obj->Set(v8::String::New("code"), v8::Int32::New(errorNumber));
                                      ~~~~~~~~~~~~~~            ^
/var/folders/27/hcmdb0zj30n3rsf5786zyxgr0000gn/T/.node-gyp/8.9.4/include/node/v8.h:2914:3: note: 'New' declared here
  static Local<Integer> New(Isolate* isolate, int32_t value);
  ^
In file included from ../src/bufferutil.cc:15:
/Volumes/DeviceWork/zz_ObjectiveC/00_FL/34_iOS_AmazonAWS/06_server/02_src/robot-server/node_modules/tomahawk/node_modules/socket.io/node_modules/engine.io/node_modules/ws/node_modules/nan/nan.h:224:26: error: no member named 'New' in 'v8::String'
    obj->Set(v8::String::New("code"), v8::Int32::New(errorNumber));
             ~~~~~~~~~~~~^
/Volumes/DeviceWork/zz_ObjectiveC/00_FL/34_iOS_AmazonAWS/06_server/02_src/robot-server/node_modules/tomahawk/node_modules/socket.io/node_modules/engine.io/node_modules/ws/node_modules/nan/nan.h:229:5: error: no member named 'ThrowException' in namespace 'v8'
    _NAN_THROW_ERROR(v8::Exception::TypeError, errmsg);
    ^~~~~~~~~~~~~~~~~~~~~~~~~~~~~~~~~~~~~~~~~~~~~~~~~~
/Volumes/DeviceWork/zz_ObjectiveC/00_FL/34_iOS_AmazonAWS/06_server/02_src/robot-server/node_modules/tomahawk/node_modules/socket.io/node_modules/engine.io/node_modules/ws/node_modules/nan/nan.h:209:11: note: expanded from macro '_NAN_THROW_ERROR'
      v8::ThrowException(fun(v8::String::New(errmsg)));                        \
      ~~~~^
/Volumes/DeviceWork/zz_ObjectiveC/00_FL/34_iOS_AmazonAWS/06_server/02_src/robot-server/node_modules/tomahawk/node_modules/socket.io/node_modules/engine.io/node_modules/ws/node_modules/nan/nan.h:229:5: error: no member named 'New' in 'v8::String'
    _NAN_THROW_ERROR(v8::Exception::TypeError, errmsg);
    ^~~~~~~~~~~~~~~~~~~~~~~~~~~~~~~~~~~~~~~~~~~~~~~~~~
/Volumes/DeviceWork/zz_ObjectiveC/00_FL/34_iOS_AmazonAWS/06_server/02_src/robot-server/node_modules/tomahawk/node_modules/socket.io/node_modules/engine.io/node_modules/ws/node_modules/nan/nan.h:209:42: note: expanded from macro '_NAN_THROW_ERROR'
      v8::ThrowException(fun(v8::String::New(errmsg)));                        \
                             ~~~~~~~~~~~~^
/Volumes/DeviceWork/zz_ObjectiveC/00_FL/34_iOS_AmazonAWS/06_server/02_src/robot-server/node_modules/tomahawk/node_modules/socket.io/node_modules/engine.io/node_modules/ws/node_modules/nan/nan.h:233:5: error: no member named 'ThrowException' in namespace 'v8'
    _NAN_THROW_ERROR(v8::Exception::RangeError, errmsg);
    ^~~~~~~~~~~~~~~~~~~~~~~~~~~~~~~~~~~~~~~~~~~~~~~~~~~
/Volumes/DeviceWork/zz_ObjectiveC/00_FL/34_iOS_AmazonAWS/06_server/02_src/robot-server/node_modules/tomahawk/node_modules/socket.io/node_modules/engine.io/node_modules/ws/node_modules/nan/nan.h:209:11: note: expanded from macro '_NAN_THROW_ERROR'
      v8::ThrowException(fun(v8::String::New(errmsg)));                        \
      ~~~~^
/Volumes/DeviceWork/zz_ObjectiveC/00_FL/34_iOS_AmazonAWS/06_server/02_src/robot-server/node_modules/tomahawk/node_modules/socket.io/node_modules/engine.io/node_modules/ws/node_modules/nan/nan.h:233:5: error: no member named 'New' in 'v8::String'
    _NAN_THROW_ERROR(v8::Exception::RangeError, errmsg);
    ^~~~~~~~~~~~~~~~~~~~~~~~~~~~~~~~~~~~~~~~~~~~~~~~~~~
/Volumes/DeviceWork/zz_ObjectiveC/00_FL/34_iOS_AmazonAWS/06_server/02_src/robot-server/node_modules/tomahawk/node_modules/socket.io/node_modules/engine.io/node_modules/ws/node_modules/nan/nan.h:209:42: note: expanded from macro '_NAN_THROW_ERROR'
      v8::ThrowException(fun(v8::String::New(errmsg)));                        \
                             ~~~~~~~~~~~~^
/Volumes/DeviceWork/zz_ObjectiveC/00_FL/34_iOS_AmazonAWS/06_server/02_src/robot-server/node_modules/tomahawk/node_modules/socket.io/node_modules/engine.io/node_modules/ws/node_modules/nan/nan.h:244:13: error: no member named 'smalloc' in namespace 'node'
      node::smalloc::FreeCallback callback,
      ~~~~~~^
/Volumes/DeviceWork/zz_ObjectiveC/00_FL/34_iOS_AmazonAWS/06_server/02_src/robot-server/node_modules/tomahawk/node_modules/socket.io/node_modules/engine.io/node_modules/ws/node_modules/nan/nan.h:251:12: error: no matching function for call to 'New'
    return node::Buffer::New(data, size);
           ^~~~~~~~~~~~~~~~~
/var/folders/27/hcmdb0zj30n3rsf5786zyxgr0000gn/T/.node-gyp/8.9.4/include/node/node_buffer.h:52:40: note: candidate function not viable: no known conversion from 'char *' to 'v8::Isolate *' for 1st argument
NODE_EXTERN v8::MaybeLocal<v8::Object> New(v8::Isolate* isolate, size_t length);
                                       ^
/var/folders/27/hcmdb0zj30n3rsf5786zyxgr0000gn/T/.node-gyp/8.9.4/include/node/node_buffer.h:55:40: note: candidate function not viable: no known conversion from 'char *' to 'v8::Isolate *' for 1st argument
NODE_EXTERN v8::MaybeLocal<v8::Object> New(v8::Isolate* isolate,
                                       ^
/var/folders/27/hcmdb0zj30n3rsf5786zyxgr0000gn/T/.node-gyp/8.9.4/include/node/node_buffer.h:67:40: note: candidate function not viable: requires 3 arguments, but 2 were provided
NODE_EXTERN v8::MaybeLocal<v8::Object> New(v8::Isolate* isolate,
                                       ^
/var/folders/27/hcmdb0zj30n3rsf5786zyxgr0000gn/T/.node-gyp/8.9.4/include/node/node_buffer.h:60:40: note: candidate function not viable: requires 5 arguments, but 2 were provided
NODE_EXTERN v8::MaybeLocal<v8::Object> New(v8::Isolate* isolate,
                                       ^
In file included from ../src/bufferutil.cc:15:
/Volumes/DeviceWork/zz_ObjectiveC/00_FL/34_iOS_AmazonAWS/06_server/02_src/robot-server/node_modules/tomahawk/node_modules/socket.io/node_modules/engine.io/node_modules/ws/node_modules/nan/nan.h:255:12: error: no matching function for call to 'New'
    return node::Buffer::New(size);
           ^~~~~~~~~~~~~~~~~
/var/folders/27/hcmdb0zj30n3rsf5786zyxgr0000gn/T/.node-gyp/8.9.4/include/node/node_buffer.h:52:40: note: candidate function not viable: requires 2 arguments, but 1 was provided
NODE_EXTERN v8::MaybeLocal<v8::Object> New(v8::Isolate* isolate, size_t length);
                                       ^
/var/folders/27/hcmdb0zj30n3rsf5786zyxgr0000gn/T/.node-gyp/8.9.4/include/node/node_buffer.h:55:40: note: candidate function not viable: requires at least 2 arguments, but 1 was provided
NODE_EXTERN v8::MaybeLocal<v8::Object> New(v8::Isolate* isolate,
                                       ^
/var/folders/27/hcmdb0zj30n3rsf5786zyxgr0000gn/T/.node-gyp/8.9.4/include/node/node_buffer.h:67:40: note: candidate function not viable: requires 3 arguments, but 1 was provided
NODE_EXTERN v8::MaybeLocal<v8::Object> New(v8::Isolate* isolate,
                                       ^
/var/folders/27/hcmdb0zj30n3rsf5786zyxgr0000gn/T/.node-gyp/8.9.4/include/node/node_buffer.h:60:40: note: candidate function not viable: requires 5 arguments, but 1 was provided
NODE_EXTERN v8::MaybeLocal<v8::Object> New(v8::Isolate* isolate,
                                       ^
In file included from ../src/bufferutil.cc:15:
/Volumes/DeviceWork/zz_ObjectiveC/00_FL/34_iOS_AmazonAWS/06_server/02_src/robot-server/node_modules/tomahawk/node_modules/socket.io/node_modules/engine.io/node_modules/ws/node_modules/nan/nan.h:259:26: error: no member named 'Use' in namespace 'node::Buffer'
    return node::Buffer::Use(data, size);
           ~~~~~~~~~~~~~~^
/Volumes/DeviceWork/zz_ObjectiveC/00_FL/34_iOS_AmazonAWS/06_server/02_src/robot-server/node_modules/tomahawk/node_modules/socket.io/node_modules/engine.io/node_modules/ws/node_modules/nan/nan.h:450:49: error: too few arguments to function call, single argument 'isolate' was not specified
    v8::Local<v8::Object> obj = v8::Object::New();
                                ~~~~~~~~~~~~~~~ ^
/var/folders/27/hcmdb0zj30n3rsf5786zyxgr0000gn/T/.node-gyp/8.9.4/include/node/v8.h:3476:3: note: 'New' declared here
  static Local<Object> New(Isolate* isolate);
  ^
In file included from ../src/bufferutil.cc:15:
/Volumes/DeviceWork/zz_ObjectiveC/00_FL/34_iOS_AmazonAWS/06_server/02_src/robot-server/node_modules/tomahawk/node_modules/socket.io/node_modules/engine.io/node_modules/ws/node_modules/nan/nan.h:451:14: error: no member named 'NewSymbol' in 'v8::String'
    obj->Set(NanSymbol("callback"), fn);
             ^~~~~~~~~~~~~~~~~~~~~
/Volumes/DeviceWork/zz_ObjectiveC/00_FL/34_iOS_AmazonAWS/06_server/02_src/robot-server/node_modules/tomahawk/node_modules/socket.io/node_modules/engine.io/node_modules/ws/node_modules/nan/nan.h:103:38: note: expanded from macro 'NanSymbol'
#define NanSymbol(value) v8::String::NewSymbol(value)
                         ~~~~~~~~~~~~^
/Volumes/DeviceWork/zz_ObjectiveC/00_FL/34_iOS_AmazonAWS/06_server/02_src/robot-server/node_modules/tomahawk/node_modules/socket.io/node_modules/engine.io/node_modules/ws/node_modules/nan/nan.h:457:12: error: no member named 'Dispose' in 'v8::Persistent<v8::Object, v8::NonCopyablePersistentTraits<v8::Object> >'
    handle.Dispose();
    ~~~~~~ ^
fatal error: too many errors emitted, stopping now [-ferror-limit=]
20 errors generated.
make: *** [Release/obj.target/bufferutil/src/bufferutil.o] Error 1
gyp ERR! build error 
gyp ERR! stack Error: `make` failed with exit code: 2
gyp ERR! stack     at ChildProcess.onExit (/usr/local/lib/node_modules/npm/node_modules/npm-lifecycle/node_modules/node-gyp/lib/build.js:258:23)
gyp ERR! stack     at emitTwo (events.js:126:13)
gyp ERR! stack     at ChildProcess.emit (events.js:214:7)
gyp ERR! stack     at Process.ChildProcess._handle.onexit (internal/child_process.js:198:12)
gyp ERR! System Darwin 18.0.0
gyp ERR! command "/usr/local/bin/node" "/usr/local/lib/node_modules/npm/node_modules/npm-lifecycle/node_modules/node-gyp/bin/node-gyp.js" "rebuild"
gyp ERR! cwd /Volumes/DeviceWork/zz_ObjectiveC/00_FL/34_iOS_AmazonAWS/06_server/02_src/robot-server/node_modules/tomahawk/node_modules/socket.io/node_modules/engine.io/node_modules/ws
gyp ERR! node -v v8.9.4
gyp ERR! node-gyp -v v3.6.2
gyp ERR! not ok 
